AH00558: apache2: Could not reliably determine the server's fully qualified domain name, using 172.18.0.5. Set the 'ServerName' directive globally to suppress this message
[Wed Nov 12 13:58:12.035330 2025] [mpm_prefork:notice] [pid 1:tid 1] AH00163: Apache/2.4.65 (Debian) PHP/8.4.14 OpenSSL/3.0.17 configured -- resuming normal operations
[Wed Nov 12 13:58:12.035677 2025] [core:notice] [pid 1:tid 1] AH00094: Command line: 'apache2 -D FOREGROUND'
[Wed Nov 12 14:20:09.923489 2025] [mpm_prefork:notice] [pid 1:tid 1] AH00170: caught SIGWINCH, shutting down gracefully
AH00558: apache2: Could not reliably determine the server's fully qualified domain name, using 172.18.0.5. Set the 'ServerName' directive globally to suppress this message
[Wed Nov 12 14:20:13.579820 2025] [mpm_prefork:notice] [pid 1:tid 1] AH00163: Apache/2.4.65 (Debian) PHP/8.4.14 OpenSSL/3.0.17 configured -- resuming normal operations
[Wed Nov 12 14:20:13.580293 2025] [core:notice] [pid 1:tid 1] AH00094: Command line: 'apache2 -D FOREGROUND'
[Thu Nov 13 08:09:44.960940 2025] [mpm_prefork:notice] [pid 1:tid 1] AH00170: caught SIGWINCH, shutting down gracefully
AH00558: apache2: Could not reliably determine the server's fully qualified domain name, using 172.18.0.4. Set the 'ServerName' directive globally to suppress this message
[Thu Nov 13 10:26:02.641568 2025] [mpm_prefork:notice] [pid 1:tid 1] AH00163: Apache/2.4.65 (Debian) PHP/8.4.14 OpenSSL/3.0.17 configured -- resuming normal operations
[Thu Nov 13 10:26:02.641993 2025] [core:notice] [pid 1:tid 1] AH00094: Command line: 'apache2 -D FOREGROUND'
[Thu Nov 13 10:38:50.464520 2025] [mpm_prefork:notice] [pid 1:tid 1] AH00170: caught SIGWINCH, shutting down gracefully
AH00558: apache2: Could not reliably determine the server's fully qualified domain name, using 172.18.0.4. Set the 'ServerName' directive globally to suppress this message
[Thu Nov 13 10:39:55.463058 2025] [mpm_prefork:notice] [pid 1:tid 1] AH00163: Apache/2.4.65 (Debian) PHP/8.4.14 OpenSSL/3.0.17 configured -- resuming normal operations
[Thu Nov 13 10:39:55.463416 2025] [core:notice] [pid 1:tid 1] AH00094: Command line: 'apache2 -D FOREGROUND'
[Thu Nov 13 10:43:13.665216 2025] [mpm_prefork:notice] [pid 1:tid 1] AH00170: caught SIGWINCH, shutting down gracefully
AH00558: apache2: Could not reliably determine the server's fully qualified domain name, using 172.18.0.4. Set the 'ServerName' directive globally to suppress this message
[Thu Nov 13 10:45:18.438557 2025] [mpm_prefork:notice] [pid 1:tid 1] AH00163: Apache/2.4.65 (Debian) PHP/8.4.14 OpenSSL/3.0.17 configured -- resuming normal operations
[Thu Nov 13 10:45:18.439017 2025] [core:notice] [pid 1:tid 1] AH00094: Command line: 'apache2 -D FOREGROUND'
[Thu Nov 13 10:50:30.914489 2025] [mpm_prefork:notice] [pid 1:tid 1] AH00170: caught SIGWINCH, shutting down gracefully
AH00558: apache2: Could not reliably determine the server's fully qualified domain name, using 172.18.0.4. Set the 'ServerName' directive globally to suppress this message
[Thu Nov 13 10:50:34.481806 2025] [mpm_prefork:notice] [pid 1:tid 1] AH00163: Apache/2.4.65 (Debian) PHP/8.4.14 OpenSSL/3.0.17 configured -- resuming normal operations
[Thu Nov 13 10:50:34.482575 2025] [core:notice] [pid 1:tid 1] AH00094: Command line: 'apache2 -D FOREGROUND'
[Thu Nov 13 10:52:40.748907 2025] [mpm_prefork:notice] [pid 1:tid 1] AH00170: caught SIGWINCH, shutting down gracefully
AH00558: apache2: Could not reliably determine the server's fully qualified domain name, using 172.18.0.4. Set the 'ServerName' directive globally to suppress this message
[Thu Nov 13 10:53:55.028821 2025] [mpm_prefork:notice] [pid 1:tid 1] AH00163: Apache/2.4.65 (Debian) PHP/8.4.14 OpenSSL/3.0.17 configured -- resuming normal operations
[Thu Nov 13 10:53:55.029205 2025] [core:notice] [pid 1:tid 1] AH00094: Command line: 'apache2 -D FOREGROUND'
[Thu Nov 13 11:50:17.898917 2025] [php:error] [pid 23:tid 23] [client 172.18.0.1:43764] script '/var/www/html/test_db_pdo.php' not found or unable to stat, referer: http://localhost/
[Thu Nov 13 13:16:08.376476 2025] [autoindex:error] [pid 22:tid 22] [client 172.18.0.1:50248] AH01276: Cannot serve directory /var/www/html/test/: No matching DirectoryIndex (index.php,index.html) found, and server-generated directory index forbidden by Options directive, referer: http://localhost/
sh: 1: Syntax error: redirection unexpected
[Thu Nov 13 22:46:22.774827 2025] [mpm_prefork:notice] [pid 1:tid 1] AH00170: caught SIGWINCH, shutting down gracefully
AH00558: apache2: Could not reliably determine the server's fully qualified domain name, using 172.18.0.4. Set the 'ServerName' directive globally to suppress this message
[Thu Nov 13 22:47:40.587005 2025] [mpm_prefork:notice] [pid 1:tid 1] AH00163: Apache/2.4.65 (Debian) PHP/8.4.14 OpenSSL/3.0.17 configured -- resuming normal operations
[Thu Nov 13 22:47:40.587709 2025] [core:notice] [pid 1:tid 1] AH00094: Command line: 'apache2 -D FOREGROUND'
[Thu Nov 13 22:48:58.145617 2025] [mpm_prefork:notice] [pid 1:tid 1] AH00170: caught SIGWINCH, shutting down gracefully
AH00558: apache2: Could not reliably determine the server's fully qualified domain name, using 172.18.0.4. Set the 'ServerName' directive globally to suppress this message
[Thu Nov 13 22:49:57.362643 2025] [mpm_prefork:notice] [pid 1:tid 1] AH00163: Apache/2.4.65 (Debian) PHP/8.4.14 OpenSSL/3.0.17 configured -- resuming normal operations
[Thu Nov 13 22:49:57.363145 2025] [core:notice] [pid 1:tid 1] AH00094: Command line: 'apache2 -D FOREGROUND'
[Thu Nov 13 23:01:50.227329 2025] [mpm_prefork:notice] [pid 1:tid 1] AH00170: caught SIGWINCH, shutting down gracefully
AH00558: apache2: Could not reliably determine the server's fully qualified domain name, using 172.18.0.3. Set the 'ServerName' directive globally to suppress this message
[Thu Nov 13 23:16:23.187523 2025] [mpm_prefork:notice] [pid 1:tid 1] AH00163: Apache/2.4.65 (Debian) PHP/8.4.14 OpenSSL/3.0.17 configured -- resuming normal operations
[Thu Nov 13 23:16:23.188038 2025] [core:notice] [pid 1:tid 1] AH00094: Command line: 'apache2 -D FOREGROUND'
[Thu Nov 13 23:20:32.601269 2025] [mpm_prefork:notice] [pid 1:tid 1] AH00170: caught SIGWINCH, shutting down gracefully
AH00558: apache2: Could not reliably determine the server's fully qualified domain name, using 172.18.0.4. Set the 'ServerName' directive globally to suppress this message
[Thu Nov 13 23:20:37.312225 2025] [mpm_prefork:notice] [pid 1:tid 1] AH00163: Apache/2.4.65 (Debian) PHP/8.4.14 OpenSSL/3.0.17 configured -- resuming normal operations
[Thu Nov 13 23:20:37.313156 2025] [core:notice] [pid 1:tid 1] AH00094: Command line: 'apache2 -D FOREGROUND'
sh: 1: Syntax error: Unterminated quoted string
[Fri Nov 14 23:46:45.603664 2025] [mpm_prefork:notice] [pid 1:tid 1] AH00170: caught SIGWINCH, shutting down gracefully
AH00558: apache2: Could not reliably determine the server's fully qualified domain name, using 172.18.0.4. Set the 'ServerName' directive globally to suppress this message
[Fri Nov 14 23:46:49.262406 2025] [mpm_prefork:notice] [pid 1:tid 1] AH00163: Apache/2.4.65 (Debian) PHP/8.4.14 OpenSSL/3.0.17 configured -- resuming normal operations
[Fri Nov 14 23:46:49.262722 2025] [core:notice] [pid 1:tid 1] AH00094: Command line: 'apache2 -D FOREGROUND'
[Sat Nov 15 00:01:08.505664 2025] [core:notice] [pid 1:tid 1] AH00052: child pid 30 exit signal Interrupt (2)
[Sat Nov 15 00:05:04.798386 2025] [core:notice] [pid 1:tid 1] AH00052: child pid 37 exit signal Interrupt (2)
[Sat Nov 15 00:26:46.402151 2025] [mpm_prefork:notice] [pid 1:tid 1] AH00170: caught SIGWINCH, shutting down gracefully
AH00558: apache2: Could not reliably determine the server's fully qualified domain name, using 172.18.0.4. Set the 'ServerName' directive globally to suppress this message
[Sat Nov 15 19:38:07.345749 2025] [mpm_prefork:notice] [pid 1:tid 1] AH00163: Apache/2.4.65 (Debian) PHP/8.4.14 OpenSSL/3.0.17 configured -- resuming normal operations
[Sat Nov 15 19:38:07.346318 2025] [core:notice] [pid 1:tid 1] AH00094: Command line: 'apache2 -D FOREGROUND'
[Sat Nov 15 20:01:14.715577 2025] [mpm_prefork:notice] [pid 1:tid 1] AH00170: caught SIGWINCH, shutting down gracefully
AH00558: apache2: Could not reliably determine the server's fully qualified domain name, using 172.18.0.4. Set the 'ServerName' directive globally to suppress this message
[Sat Nov 15 20:01:18.256963 2025] [mpm_prefork:notice] [pid 1:tid 1] AH00163: Apache/2.4.65 (Debian) PHP/8.4.14 OpenSSL/3.0.17 configured -- resuming normal operations
[Sat Nov 15 20:01:18.257385 2025] [core:notice] [pid 1:tid 1] AH00094: Command line: 'apache2 -D FOREGROUND'
[Sat Nov 15 20:07:45.315620 2025] [mpm_prefork:notice] [pid 1:tid 1] AH00170: caught SIGWINCH, shutting down gracefully
AH00558: apache2: Could not reliably determine the server's fully qualified domain name, using 172.18.0.4. Set the 'ServerName' directive globally to suppress this message
[Sat Nov 15 20:07:48.734867 2025] [mpm_prefork:notice] [pid 1:tid 1] AH00163: Apache/2.4.65 (Debian) PHP/8.4.14 OpenSSL/3.0.17 configured -- resuming normal operations
[Sat Nov 15 20:07:48.735467 2025] [core:notice] [pid 1:tid 1] AH00094: Command line: 'apache2 -D FOREGROUND'
[Sat Nov 15 20:21:27.931351 2025] [mpm_prefork:notice] [pid 1:tid 1] AH00170: caught SIGWINCH, shutting down gracefully
AH00558: apache2: Could not reliably determine the server's fully qualified domain name, using 172.18.0.4. Set the 'ServerName' directive globally to suppress this message
[Sat Nov 15 20:21:31.284388 2025] [mpm_prefork:notice] [pid 1:tid 1] AH00163: Apache/2.4.65 (Debian) PHP/8.4.14 OpenSSL/3.0.17 configured -- resuming normal operations
[Sat Nov 15 20:21:31.284587 2025] [core:notice] [pid 1:tid 1] AH00094: Command line: 'apache2 -D FOREGROUND'
[Sat Nov 15 20:45:09.979257 2025] [mpm_prefork:notice] [pid 1:tid 1] AH00170: caught SIGWINCH, shutting down gracefully
AH00558: apache2: Could not reliably determine the server's fully qualified domain name, using 172.18.0.4. Set the 'ServerName' directive globally to suppress this message
[Sat Nov 15 20:45:13.444638 2025] [mpm_prefork:notice] [pid 1:tid 1] AH00163: Apache/2.4.65 (Debian) PHP/8.4.14 OpenSSL/3.0.17 configured -- resuming normal operations
[Sat Nov 15 20:45:13.445098 2025] [core:notice] [pid 1:tid 1] AH00094: Command line: 'apache2 -D FOREGROUND'
AH00558: apache2: Could not reliably determine the server's fully qualified domain name, using 172.18.0.4. Set the 'ServerName' directive globally to suppress this message
[Sat Nov 15 21:23:23.162415 2025] [mpm_prefork:notice] [pid 1:tid 1] AH00163: Apache/2.4.65 (Debian) PHP/8.4.14 OpenSSL/3.0.17 configured -- resuming normal operations
[Sat Nov 15 21:23:23.162917 2025] [core:notice] [pid 1:tid 1] AH00094: Command line: 'apache2 -D FOREGROUND'
Cloning into 'Wheres-The-Square-5c5710e0-e01cb00c'...
Host key verification failed.
fatal: Could not read from remote repository.

Please make sure you have the correct access rights
and the repository exists.
Cloning into 'Wheres-The-Square-5c5710e0-e01cb00c'...
Host key verification failed.
fatal: Could not read from remote repository.

Please make sure you have the correct access rights
and the repository exists.
[Sat Nov 15 21:32:18.525545 2025] [mpm_prefork:notice] [pid 1:tid 1] AH00170: caught SIGWINCH, shutting down gracefully
AH00558: apache2: Could not reliably determine the server's fully qualified domain name, using 172.18.0.4. Set the 'ServerName' directive globally to suppress this message
[Sat Nov 15 21:33:27.044488 2025] [mpm_prefork:notice] [pid 1:tid 1] AH00163: Apache/2.4.65 (Debian) PHP/8.4.14 OpenSSL/3.0.17 configured -- resuming normal operations
[Sat Nov 15 21:33:27.045462 2025] [core:notice] [pid 1:tid 1] AH00094: Command line: 'apache2 -D FOREGROUND'
[Sat Nov 15 21:46:55.178667 2025] [mpm_prefork:notice] [pid 1:tid 1] AH00170: caught SIGWINCH, shutting down gracefully
AH00558: apache2: Could not reliably determine the server's fully qualified domain name, using 172.18.0.4. Set the 'ServerName' directive globally to suppress this message
[Sat Nov 15 21:46:58.682275 2025] [mpm_prefork:notice] [pid 1:tid 1] AH00163: Apache/2.4.65 (Debian) PHP/8.4.14 OpenSSL/3.0.17 configured -- resuming normal operations
[Sat Nov 15 21:46:58.682483 2025] [core:notice] [pid 1:tid 1] AH00094: Command line: 'apache2 -D FOREGROUND'
[Sat Nov 15 21:49:17.516804 2025] [mpm_prefork:notice] [pid 1:tid 1] AH00170: caught SIGWINCH, shutting down gracefully
AH00558: apache2: Could not reliably determine the server's fully qualified domain name, using 172.18.0.4. Set the 'ServerName' directive globally to suppress this message
[Sat Nov 15 21:49:20.996983 2025] [mpm_prefork:notice] [pid 1:tid 1] AH00163: Apache/2.4.65 (Debian) PHP/8.4.14 OpenSSL/3.0.17 configured -- resuming normal operations
[Sat Nov 15 21:49:20.997706 2025] [core:notice] [pid 1:tid 1] AH00094: Command line: 'apache2 -D FOREGROUND'
[Sat Nov 15 21:54:58.565110 2025] [autoindex:error] [pid 33:tid 33] [client 172.18.0.1:43628] AH01276: Cannot serve directory /var/www/html/Wheres-The-Square-5c5710e0-e01cb00c/: No matching DirectoryIndex (index.php,index.html) found, and server-generated directory index forbidden by Options directive, referer: http://localhost/index.php
AH00558: apache2: Could not reliably determine the server's fully qualified domain name, using 172.18.0.4. Set the 'ServerName' directive globally to suppress this message
[Sat Nov 15 23:00:36.044557 2025] [mpm_prefork:notice] [pid 1:tid 1] AH00163: Apache/2.4.65 (Debian) PHP/8.4.14 OpenSSL/3.0.17 configured -- resuming normal operations
[Sat Nov 15 23:00:36.044949 2025] [core:notice] [pid 1:tid 1] AH00094: Command line: 'apache2 -D FOREGROUND'
[Sat Nov 15 23:28:47.095077 2025] [mpm_prefork:notice] [pid 1:tid 1] AH00170: caught SIGWINCH, shutting down gracefully
AH00558: apache2: Could not reliably determine the server's fully qualified domain name, using 172.18.0.4. Set the 'ServerName' directive globally to suppress this message
[Sat Nov 15 23:31:56.817525 2025] [mpm_prefork:notice] [pid 1:tid 1] AH00163: Apache/2.4.65 (Debian) PHP/8.4.14 OpenSSL/3.0.17 configured -- resuming normal operations
[Sat Nov 15 23:31:56.818150 2025] [core:notice] [pid 1:tid 1] AH00094: Command line: 'apache2 -D FOREGROUND'
sh: 1: Syntax error: Unterminated quoted string
sh: 1: Syntax error: Unterminated quoted string
sh: 1: Syntax error: Unterminated quoted string
sh: 1: Syntax error: Unterminated quoted string
sh: 1: Syntax error: Unterminated quoted string
sh: 1: Syntax error: Unterminated quoted string
AH00558: apache2: Could not reliably determine the server's fully qualified domain name, using 172.18.0.4. Set the 'ServerName' directive globally to suppress this message
[Tue Nov 25 10:00:11.915149 2025] [mpm_prefork:notice] [pid 1:tid 1] AH00163: Apache/2.4.65 (Debian) PHP/8.4.14 OpenSSL/3.0.17 configured -- resuming normal operations
[Tue Nov 25 10:00:11.915628 2025] [core:notice] [pid 1:tid 1] AH00094: Command line: 'apache2 -D FOREGROUND'
AH00558: apache2: Could not reliably determine the server's fully qualified domain name, using 172.18.0.4. Set the 'ServerName' directive globally to suppress this message
[Wed Dec 10 11:54:47.908369 2025] [mpm_prefork:notice] [pid 1:tid 1] AH00163: Apache/2.4.65 (Debian) PHP/8.4.14 OpenSSL/3.0.17 configured -- resuming normal operations
[Wed Dec 10 11:54:47.908735 2025] [core:notice] [pid 1:tid 1] AH00094: Command line: 'apache2 -D FOREGROUND'
AH00558: apache2: Could not reliably determine the server's fully qualified domain name, using 172.18.0.4. Set the 'ServerName' directive globally to suppress this message
[Mon Dec 15 07:48:13.099001 2025] [mpm_prefork:notice] [pid 1:tid 1] AH00163: Apache/2.4.65 (Debian) PHP/8.4.14 OpenSSL/3.0.17 configured -- resuming normal operations
[Mon Dec 15 07:48:13.099563 2025] [core:notice] [pid 1:tid 1] AH00094: Command line: 'apache2 -D FOREGROUND'
sh: 2: Syntax error: "&&" unexpected
sh: 2: Syntax error: "&&" unexpected
sh: 2: Syntax error: "&&" unexpected
sh: 2: Syntax error: "&&" unexpected
sh: 2: Syntax error: "&&" unexpected
sh: 2: Syntax error: "&&" unexpected
sh: 2: Syntax error: "&&" unexpected
sh: 2: Syntax error: "&&" unexpected
sh: 2: Syntax error: "&&" unexpected
sh: 2: Syntax error: "&&" unexpected
sh: 2: Syntax error: "&&" unexpected
sh: 2: Syntax error: "&&" unexpected
sh: 2: Syntax error: "&&" unexpected
sh: 2: Syntax error: "&&" unexpected
sh: 2: Syntax error: "&&" unexpected
sh: 2: Syntax error: "&&" unexpected
sh: 2: Syntax error: "&&" unexpected
sh: 2: Syntax error: "&&" unexpected
sh: 2: Syntax error: "&&" unexpected
sh: 2: Syntax error: "&&" unexpected
sh: 2: Syntax error: "&&" unexpected
sh: 2: Syntax error: "&&" unexpected
sh: 2: Syntax error: "&&" unexpected
sh: 2: Syntax error: "&&" unexpected
sh: 2: Syntax error: "&&" unexpected
sh: 2: Syntax error: "&&" unexpected
sh: 2: Syntax error: "&&" unexpected
sh: 2: Syntax error: "&&" unexpected
sh: 2: Syntax error: "&&" unexpected
sh: 2: Syntax error: "&&" unexpected
sh: 2: Syntax error: "&&" unexpected
sh: 2: Syntax error: "&&" unexpected
sh: 2: Syntax error: "&&" unexpected
sh: 2: Syntax error: "&&" unexpected
sh: 2: Syntax error: "&&" unexpected
sh: 2: Syntax error: "&&" unexpected
sh: 2: Syntax error: "&&" unexpected
rm: cannot remove 'Meet_the_team': Permission denied
rm: cannot remove 'Meet_the_team': Permission denied
rm: cannot remove 'Meet_the_team': Permission denied
sh: 2: Syntax error: "&&" unexpected
sh: 2: Syntax error: "&&" unexpected
fatal: not a git repository (or any parent up to mount point /var/www)
Stopping at filesystem boundary (GIT_DISCOVERY_ACROSS_FILESYSTEM not set).
fatal: not a git repository (or any parent up to mount point /var/www)
Stopping at filesystem boundary (GIT_DISCOVERY_ACROSS_FILESYSTEM not set).
rm: cannot remove 'Meet_the_team': Permission denied
rm: cannot remove 'Meet_the_team': Permission denied
[Thu Dec 18 13:04:15.572972 2025] [mpm_prefork:notice] [pid 1:tid 1] AH00170: caught SIGWINCH, shutting down gracefully
AH00558: apache2: Could not reliably determine the server's fully qualified domain name, using 172.18.0.4. Set the 'ServerName' directive globally to suppress this message
[Thu Dec 18 13:26:52.215659 2025] [mpm_prefork:notice] [pid 1:tid 1] AH00163: Apache/2.4.65 (Debian) PHP/8.4.15 OpenSSL/3.0.17 configured -- resuming normal operations
[Thu Dec 18 13:26:52.216063 2025] [core:notice] [pid 1:tid 1] AH00094: Command line: 'apache2 -D FOREGROUND'
